<?xml version="1.0" encoding="UTF-8"?>
<testng-results skipped="0" failed="1" ignored="0" total="1" passed="0">
  <reporter-output>
  </reporter-output>
  <suite name="Default suite" duration-ms="10672" started-at="2019-03-07T08:35:49Z" finished-at="2019-03-07T08:36:00Z">
    <groups>
    </groups>
    <test name="Default test" duration-ms="10672" started-at="2019-03-07T08:35:49Z" finished-at="2019-03-07T08:36:00Z">
      <class name="org.framework.withpagefactory.BusinessLogics">
        <test-method status="PASS" signature="beforeClass()[pri:0, instance:org.framework.withpagefactory.BusinessLogics@63e2203c]" name="beforeClass" is-config="true" duration-ms="8633" started-at="2019-03-07T08:35:49Z" finished-at="2019-03-07T08:35:58Z">
          <reporter-output>
          </reporter-output>
        </test-method> <!-- beforeClass -->
        <test-method status="PASS" signature="beforeMethod()[pri:0, instance:org.framework.withpagefactory.BusinessLogics@63e2203c]" name="beforeMethod" is-config="true" duration-ms="6" started-at="2019-03-07T08:35:58Z" finished-at="2019-03-07T08:35:58Z">
          <reporter-output>
          </reporter-output>
        </test-method> <!-- beforeMethod -->
        <test-method status="FAIL" signature="myLogic()[pri:0, instance:org.framework.withpagefactory.BusinessLogics@63e2203c]" name="myLogic" duration-ms="1191" started-at="2019-03-07T08:35:58Z" finished-at="2019-03-07T08:35:59Z">
          <exception class="java.lang.NullPointerException">
            <full-stacktrace>
              <![CDATA[java.lang.NullPointerException
at org.openqa.selenium.support.pagefactory.DefaultElementLocator.findElement(DefaultElementLocator.java:69)
at org.openqa.selenium.support.pagefactory.internal.LocatingElementHandler.invoke(LocatingElementHandler.java:38)
at com.sun.proxy.$Proxy11.sendKeys(Unknown Source)
at org.framework.withpagefactory.FunctionLibrary.sendKeys(FunctionLibrary.java:24)
at org.framework.withpagefactory.BusinessLogics.myLogic(BusinessLogics.java:24)
at sun.reflect.NativeMethodAccessorImpl.invoke0(Native Method)
at sun.reflect.NativeMethodAccessorImpl.invoke(Unknown Source)
at sun.reflect.DelegatingMethodAccessorImpl.invoke(Unknown Source)
at java.lang.reflect.Method.invoke(Unknown Source)
at org.testng.internal.MethodInvocationHelper.invokeMethod(MethodInvocationHelper.java:124)
at org.testng.internal.Invoker.invokeMethod(Invoker.java:580)
at org.testng.internal.Invoker.invokeTestMethod(Invoker.java:716)
at org.testng.internal.Invoker.invokeTestMethods(Invoker.java:988)
at org.testng.internal.TestMethodWorker.invokeTestMethods(TestMethodWorker.java:125)
at org.testng.internal.TestMethodWorker.run(TestMethodWorker.java:109)
at org.testng.TestRunner.privateRun(TestRunner.java:648)
at org.testng.TestRunner.run(TestRunner.java:505)
at org.testng.SuiteRunner.runTest(SuiteRunner.java:455)
at org.testng.SuiteRunner.runSequentially(SuiteRunner.java:450)
at org.testng.SuiteRunner.privateRun(SuiteRunner.java:415)
at org.testng.SuiteRunner.run(SuiteRunner.java:364)
at org.testng.SuiteRunnerWorker.runSuite(SuiteRunnerWorker.java:52)
at org.testng.SuiteRunnerWorker.run(SuiteRunnerWorker.java:84)
at org.testng.TestNG.runSuitesSequentially(TestNG.java:1208)
at org.testng.TestNG.runSuitesLocally(TestNG.java:1137)
at org.testng.TestNG.runSuites(TestNG.java:1049)
at org.testng.TestNG.run(TestNG.java:1017)
at org.testng.remote.AbstractRemoteTestNG.run(AbstractRemoteTestNG.java:114)
at org.testng.remote.RemoteTestNG.initAndRun(RemoteTestNG.java:251)
at org.testng.remote.RemoteTestNG.main(RemoteTestNG.java:77)
]]>
            </full-stacktrace>
          </exception> <!-- java.lang.NullPointerException -->
          <reporter-output>
          </reporter-output>
        </test-method> <!-- myLogic -->
        <test-method status="PASS" signature="afterMethod()[pri:0, instance:org.framework.withpagefactory.BusinessLogics@63e2203c]" name="afterMethod" is-config="true" duration-ms="0" started-at="2019-03-07T08:35:59Z" finished-at="2019-03-07T08:35:59Z">
          <reporter-output>
          </reporter-output>
        </test-method> <!-- afterMethod -->
        <test-method status="PASS" signature="afterClass()[pri:0, instance:org.framework.withpagefactory.BusinessLogics@63e2203c]" name="afterClass" is-config="true" duration-ms="813" started-at="2019-03-07T08:35:59Z" finished-at="2019-03-07T08:36:00Z">
          <reporter-output>
          </reporter-output>
        </test-method> <!-- afterClass -->
      </class> <!-- org.framework.withpagefactory.BusinessLogics -->
    </test> <!-- Default test -->
  </suite> <!-- Default suite -->
</testng-results>
